#
# There is insufficient memory for the Java Runtime Environment to continue.
# Native memory allocation (mmap) failed to map 88080384 bytes for committing reserved memory.
# Possible reasons:
#   The system is out of physical RAM or swap space
#   The process is running with CompressedOops enabled, and the Java Heap may be blocking the growth of the native heap
# Possible solutions:
#   Reduce memory load on the system
#   Increase physical memory or swap space
#   Check if swap backing store is full
#   Decrease Java heap size (-Xmx/-Xms)
#   Decrease number of Java threads
#   Decrease Java thread stack sizes (-Xss)
#   Set larger code cache with -XX:ReservedCodeCacheSize=
# This output file may be truncated or incomplete.
#
#  Out of Memory Error (os_linux.cpp:2754), pid=7642, tid=0x00007f48682cf700
#
# JRE version:  (8.0_222-b10) (build )
# Java VM: OpenJDK 64-Bit Server VM (25.222-b10 mixed mode linux-amd64 compressed oops)
# Failed to write core dump. Core dumps have been disabled. To enable core dumping, try "ulimit -c unlimited" before starting Java again
#

---------------  T H R E A D  ---------------

Current thread (0x00007f486400a800):  JavaThread "Unknown thread" [_thread_in_vm, id=7643, stack(0x00007f48681d0000,0x00007f48682d0000)]

Stack: [0x00007f48681d0000,0x00007f48682d0000],  sp=0x00007f48682ce400,  free space=1017k
Native frames: (J=compiled Java code, j=interpreted, Vv=VM code, C=native code)
V  [libjvm.so+0x9f707d]  VMError::report_and_die()+0x15d
V  [libjvm.so+0x4bfdfa]  report_vm_out_of_memory(char const*, int, unsigned long, VMErrorType, char const*)+0x8a
V  [libjvm.so+0x85e988]  os::pd_commit_memory(char*, unsigned long, unsigned long, bool)+0xd8
V  [libjvm.so+0x85625f]  os::commit_memory(char*, unsigned long, unsigned long, bool)+0x1f
V  [libjvm.so+0x9f3dc4]  VirtualSpace::expand_by(unsigned long, bool)+0x1b4
V  [libjvm.so+0x5a967d]  CardGeneration::CardGeneration(ReservedSpace, unsigned long, int, GenRemSet*)+0xed
V  [libjvm.so+0x99aff5]  TenuredGeneration::TenuredGeneration(ReservedSpace, unsigned long, int, GenRemSet*)+0x65
V  [libjvm.so+0x5aa2c1]  GenerationSpec::init(ReservedSpace, int, GenRemSet*)+0x101
V  [libjvm.so+0x59bf48]  GenCollectedHeap::initialize()+0x1d8
V  [libjvm.so+0x9c2629]  Universe::initialize_heap()+0x189
V  [libjvm.so+0x9c2823]  universe_init()+0x33
V  [libjvm.so+0x5e7b85]  init_globals()+0x55
V  [libjvm.so+0x9a5ed4]  Threads::create_vm(JavaVMInitArgs*, bool*)+0x274
V  [libjvm.so+0x65598e]  JNI_CreateJavaVM+0x4e
C  [libjli.so+0x7998]  JavaMain+0x88
C  [libpthread.so.0+0x7fa3]  start_thread+0xf3


---------------  P R O C E S S  ---------------

Java Threads: ( => current thread )

Other Threads:

=>0x00007f486400a800 (exited) JavaThread "Unknown thread" [_thread_in_vm, id=7643, stack(0x00007f48681d0000,0x00007f48682d0000)]

VM state:not at safepoint (not fully initialized)

VM Mutex/Monitor currently owned by a thread: None

heap address: 0x0000000083400000, size: 1996 MB, Compressed Oops mode: Non-zero based:0x00000000833ff000
Narrow klass base: 0x0000000000000000, Narrow klass shift: 0

GC Heap History (0 events):
No events

Deoptimization events (0 events):
No events

Classes redefined (0 events):
No events

Internal exceptions (0 events):
No events

Events (0 events):
No events


Dynamic libraries:
00400000-00401000 r-xp 00000000 08:01 2891831                            /usr/lib/jvm/adoptopenjdk-8-hotspot-amd64/jre/bin/java
00600000-00601000 r--p 00000000 08:01 2891831                            /usr/lib/jvm/adoptopenjdk-8-hotspot-amd64/jre/bin/java
00601000-00602000 rw-p 00001000 08:01 2891831                            /usr/lib/jvm/adoptopenjdk-8-hotspot-amd64/jre/bin/java
01721000-01742000 rw-p 00000000 00:00 0                                  [heap]
83400000-85e00000 rw-p 00000000 00:00 0 
85e00000-acd50000 ---p 00000000 00:00 0 
b2150000-100000000 ---p 00000000 00:00 0 
7f4854077000-7f4854215000 rw-p 00000000 00:00 0 
7f4854215000-7f48545e6000 ---p 00000000 00:00 0 
7f48545e6000-7f48545f1000 rw-p 00000000 00:00 0 
7f48545f1000-7f48549a7000 ---p 00000000 00:00 0 
7f48549a7000-7f4854c17000 rwxp 00000000 00:00 0 
7f4854c17000-7f48639a7000 ---p 00000000 00:00 0 
7f48639a7000-7f48639c2000 r-xp 00000000 08:01 2891772                    /usr/lib/jvm/adoptopenjdk-8-hotspot-amd64/jre/lib/amd64/libzip.so
7f48639c2000-7f4863bc1000 ---p 0001b000 08:01 2891772                    /usr/lib/jvm/adoptopenjdk-8-hotspot-amd64/jre/lib/amd64/libzip.so
7f4863bc1000-7f4863bc2000 r--p 0001a000 08:01 2891772                    /usr/lib/jvm/adoptopenjdk-8-hotspot-amd64/jre/lib/amd64/libzip.so
7f4863bc2000-7f4863bc3000 rw-p 0001b000 08:01 2891772                    /usr/lib/jvm/adoptopenjdk-8-hotspot-amd64/jre/lib/amd64/libzip.so
7f4863bc3000-7f4863bec000 r-xp 00000000 08:01 2891808                    /usr/lib/jvm/adoptopenjdk-8-hotspot-amd64/jre/lib/amd64/libjava.so
7f4863bec000-7f4863deb000 ---p 00029000 08:01 2891808                    /usr/lib/jvm/adoptopenjdk-8-hotspot-amd64/jre/lib/amd64/libjava.so
7f4863deb000-7f4863dec000 r--p 00028000 08:01 2891808                    /usr/lib/jvm/adoptopenjdk-8-hotspot-amd64/jre/lib/amd64/libjava.so
7f4863dec000-7f4863dee000 rw-p 00029000 08:01 2891808                    /usr/lib/jvm/adoptopenjdk-8-hotspot-amd64/jre/lib/amd64/libjava.so
7f4863dee000-7f4863dfe000 r-xp 00000000 08:01 2891778                    /usr/lib/jvm/adoptopenjdk-8-hotspot-amd64/jre/lib/amd64/libverify.so
7f4863dfe000-7f4863ffd000 ---p 00010000 08:01 2891778                    /usr/lib/jvm/adoptopenjdk-8-hotspot-amd64/jre/lib/amd64/libverify.so
7f4863ffd000-7f4863fff000 r--p 0000f000 08:01 2891778                    /usr/lib/jvm/adoptopenjdk-8-hotspot-amd64/jre/lib/amd64/libverify.so
7f4863fff000-7f4864000000 rw-p 00011000 08:01 2891778                    /usr/lib/jvm/adoptopenjdk-8-hotspot-amd64/jre/lib/amd64/libverify.so
7f4864000000-7f4864036000 rw-p 00000000 00:00 0 
7f4864036000-7f4868000000 ---p 00000000 00:00 0 
7f48680bd000-7f48681a4000 rw-p 00000000 00:00 0 
7f48681a4000-7f48681a7000 r--p 00000000 08:01 1573513                    /usr/lib/x86_64-linux-gnu/libnss_files-2.28.so
7f48681a7000-7f48681ae000 r-xp 00003000 08:01 1573513                    /usr/lib/x86_64-linux-gnu/libnss_files-2.28.so
7f48681ae000-7f48681b0000 r--p 0000a000 08:01 1573513                    /usr/lib/x86_64-linux-gnu/libnss_files-2.28.so
7f48681b0000-7f48681b1000 ---p 0000c000 08:01 1573513                    /usr/lib/x86_64-linux-gnu/libnss_files-2.28.so
7f48681b1000-7f48681b2000 r--p 0000c000 08:01 1573513                    /usr/lib/x86_64-linux-gnu/libnss_files-2.28.so
7f48681b2000-7f48681b3000 rw-p 0000d000 08:01 1573513                    /usr/lib/x86_64-linux-gnu/libnss_files-2.28.so
7f48681b3000-7f48681b9000 rw-p 00000000 00:00 0 
7f48681c5000-7f48681c7000 r--p 00000000 08:01 1573521                    /usr/lib/x86_64-linux-gnu/librt-2.28.so
7f48681c7000-7f48681cb000 r-xp 00002000 08:01 1573521                    /usr/lib/x86_64-linux-gnu/librt-2.28.so
7f48681cb000-7f48681cd000 r--p 00006000 08:01 1573521                    /usr/lib/x86_64-linux-gnu/librt-2.28.so
7f48681cd000-7f48681ce000 r--p 00007000 08:01 1573521                    /usr/lib/x86_64-linux-gnu/librt-2.28.so
7f48681ce000-7f48681cf000 rw-p 00008000 08:01 1573521                    /usr/lib/x86_64-linux-gnu/librt-2.28.so
7f48681cf000-7f48681d0000 ---p 00000000 00:00 0 
7f48681d0000-7f48681d3000 ---p 00000000 00:00 0 
7f48681d3000-7f48682d0000 rw-p 00000000 00:00 0 
7f48682d0000-7f48682dd000 r--p 00000000 08:01 1573504                    /usr/lib/x86_64-linux-gnu/libm-2.28.so
7f48682dd000-7f486837c000 r-xp 0000d000 08:01 1573504                    /usr/lib/x86_64-linux-gnu/libm-2.28.so
7f486837c000-7f4868451000 r--p 000ac000 08:01 1573504                    /usr/lib/x86_64-linux-gnu/libm-2.28.so
7f4868451000-7f4868452000 r--p 00180000 08:01 1573504                    /usr/lib/x86_64-linux-gnu/libm-2.28.so
7f4868452000-7f4868453000 rw-p 00181000 08:01 1573504                    /usr/lib/x86_64-linux-gnu/libm-2.28.so
7f4868453000-7f486905e000 r-xp 00000000 08:01 2891789                    /usr/lib/jvm/adoptopenjdk-8-hotspot-amd64/jre/lib/amd64/server/libjvm.so
7f486905e000-7f486925e000 ---p 00c0b000 08:01 2891789                    /usr/lib/jvm/adoptopenjdk-8-hotspot-amd64/jre/lib/amd64/server/libjvm.so
7f486925e000-7f48692fe000 r--p 00c0b000 08:01 2891789                    /usr/lib/jvm/adoptopenjdk-8-hotspot-amd64/jre/lib/amd64/server/libjvm.so
7f48692fe000-7f4869327000 rw-p 00cab000 08:01 2891789                    /usr/lib/jvm/adoptopenjdk-8-hotspot-amd64/jre/lib/amd64/server/libjvm.so
7f4869327000-7f486936d000 rw-p 00000000 00:00 0 
7f486936d000-7f486938f000 r--p 00000000 08:01 1573501                    /usr/lib/x86_64-linux-gnu/libc-2.28.so
7f486938f000-7f48694d7000 r-xp 00022000 08:01 1573501                    /usr/lib/x86_64-linux-gnu/libc-2.28.so
7f48694d7000-7f4869523000 r--p 0016a000 08:01 1573501                    /usr/lib/x86_64-linux-gnu/libc-2.28.so
7f4869523000-7f4869524000 ---p 001b6000 08:01 1573501                    /usr/lib/x86_64-linux-gnu/libc-2.28.so
7f4869524000-7f4869528000 r--p 001b6000 08:01 1573501                    /usr/lib/x86_64-linux-gnu/libc-2.28.so
7f4869528000-7f486952a000 rw-p 001ba000 08:01 1573501                    /usr/lib/x86_64-linux-gnu/libc-2.28.so
7f486952a000-7f486952e000 rw-p 00000000 00:00 0 
7f486952e000-7f486952f000 r--p 00000000 08:01 1573503                    /usr/lib/x86_64-linux-gnu/libdl-2.28.so
7f486952f000-7f4869530000 r-xp 00001000 08:01 1573503                    /usr/lib/x86_64-linux-gnu/libdl-2.28.so
7f4869530000-7f4869531000 r--p 00002000 08:01 1573503                    /usr/lib/x86_64-linux-gnu/libdl-2.28.so
7f4869531000-7f4869532000 r--p 00002000 08:01 1573503                    /usr/lib/x86_64-linux-gnu/libdl-2.28.so
7f4869532000-7f4869533000 rw-p 00003000 08:01 1573503                    /usr/lib/x86_64-linux-gnu/libdl-2.28.so
7f4869533000-7f4869549000 r-xp 00000000 08:01 2891774                    /usr/lib/jvm/adoptopenjdk-8-hotspot-amd64/jre/lib/amd64/jli/libjli.so
7f4869549000-7f4869748000 ---p 00016000 08:01 2891774                    /usr/lib/jvm/adoptopenjdk-8-hotspot-amd64/jre/lib/amd64/jli/libjli.so
7f4869748000-7f4869749000 r--p 00015000 08:01 2891774                    /usr/lib/jvm/adoptopenjdk-8-hotspot-amd64/jre/lib/amd64/jli/libjli.so
7f4869749000-7f486974a000 rw-p 00016000 08:01 2891774                    /usr/lib/jvm/adoptopenjdk-8-hotspot-amd64/jre/lib/amd64/jli/libjli.so
7f486974a000-7f4869750000 r--p 00000000 08:01 1573519                    /usr/lib/x86_64-linux-gnu/libpthread-2.28.so
7f4869750000-7f486975f000 r-xp 00006000 08:01 1573519                    /usr/lib/x86_64-linux-gnu/libpthread-2.28.so
7f486975f000-7f4869765000 r--p 00015000 08:01 1573519                    /usr/lib/x86_64-linux-gnu/libpthread-2.28.so
7f4869765000-7f4869766000 r--p 0001a000 08:01 1573519                    /usr/lib/x86_64-linux-gnu/libpthread-2.28.so
7f4869766000-7f4869767000 rw-p 0001b000 08:01 1573519                    /usr/lib/x86_64-linux-gnu/libpthread-2.28.so
7f4869767000-7f486976b000 rw-p 00000000 00:00 0 
7f486976d000-7f4869775000 rw-s 00000000 08:01 3803860                    /tmp/hsperfdata_ljordao/7642
7f4869775000-7f4869776000 rw-p 00000000 00:00 0 
7f4869776000-7f4869777000 r--p 00000000 00:00 0 
7f4869777000-7f4869779000 rw-p 00000000 00:00 0 
7f4869779000-7f486977a000 r--p 00000000 08:01 1572887                    /usr/lib/x86_64-linux-gnu/ld-2.28.so
7f486977a000-7f4869798000 r-xp 00001000 08:01 1572887                    /usr/lib/x86_64-linux-gnu/ld-2.28.so
7f4869798000-7f48697a0000 r--p 0001f000 08:01 1572887                    /usr/lib/x86_64-linux-gnu/ld-2.28.so
7f48697a0000-7f48697a1000 r--p 00026000 08:01 1572887                    /usr/lib/x86_64-linux-gnu/ld-2.28.so
7f48697a1000-7f48697a2000 rw-p 00027000 08:01 1572887                    /usr/lib/x86_64-linux-gnu/ld-2.28.so
7f48697a2000-7f48697a3000 rw-p 00000000 00:00 0 
7ffce00a5000-7ffce00c6000 rw-p 00000000 00:00 0                          [stack]
7ffce0136000-7ffce0139000 r--p 00000000 00:00 0                          [vvar]
7ffce0139000-7ffce013b000 r-xp 00000000 00:00 0                          [vdso]

VM Arguments:
java_command: /home/ljordao/NetBeansProjects/pdtp/eastocks/eastocks-ejb/target/surefire/surefirebooter1487359743504999093.jar /home/ljordao/NetBeansProjects/pdtp/eastocks/eastocks-ejb/target/surefire/surefire9031737328791604369tmp /home/ljordao/NetBeansProjects/pdtp/eastocks/eastocks-ejb/target/surefire/surefire4802484377798664144tmp
java_class_path (initial): /home/ljordao/NetBeansProjects/pdtp/eastocks/eastocks-ejb/target/surefire/surefirebooter1487359743504999093.jar
Launcher Type: SUN_STANDARD

Environment Variables:
JAVA_HOME=/lib/jvm/adoptopenjdk-8-hotspot-amd64
PATH=/srv/payara5/glassfish/bin:/usr/local/bin:/usr/bin:/bin:/usr/local/games:/usr/games
LD_LIBRARY_PATH=/lib/jvm/adoptopenjdk-8-hotspot-amd64/jre/lib/amd64:/lib/jvm/adoptopenjdk-8-hotspot-amd64/jre/lib/i386:
SHELL=/bin/bash
DISPLAY=:0.0

Signal Handlers:
SIGSEGV: [libjvm.so+0x9f7b80], sa_mask[0]=11111111011111111101111111111110, sa_flags=SA_RESTART|SA_SIGINFO
SIGBUS: [libjvm.so+0x9f7b80], sa_mask[0]=11111111011111111101111111111110, sa_flags=SA_RESTART|SA_SIGINFO
SIGFPE: [libjvm.so+0x85a040], sa_mask[0]=11111111011111111101111111111110, sa_flags=SA_RESTART|SA_SIGINFO
SIGPIPE: [libjvm.so+0x85a040], sa_mask[0]=11111111011111111101111111111110, sa_flags=SA_RESTART|SA_SIGINFO
SIGXFSZ: [libjvm.so+0x85a040], sa_mask[0]=11111111011111111101111111111110, sa_flags=SA_RESTART|SA_SIGINFO
SIGILL: [libjvm.so+0x85a040], sa_mask[0]=11111111011111111101111111111110, sa_flags=SA_RESTART|SA_SIGINFO
SIGUSR1: SIG_DFL, sa_mask[0]=00000000000000000000000000000000, sa_flags=none
SIGUSR2: [libjvm.so+0x859f10], sa_mask[0]=00100000000000000000000000000000, sa_flags=SA_RESTART|SA_SIGINFO
SIGHUP: SIG_DFL, sa_mask[0]=00000000000000000000000000000000, sa_flags=none
SIGINT: SIG_IGN, sa_mask[0]=00000000000000000000000000000000, sa_flags=none
SIGTERM: SIG_DFL, sa_mask[0]=00000000000000000000000000000000, sa_flags=none
SIGQUIT: SIG_DFL, sa_mask[0]=00000000000000000000000000000000, sa_flags=none


---------------  S Y S T E M  ---------------

OS:PRETTY_NAME="Debian GNU/Linux 10 (buster)"
NAME="Debian GNU/Linux"
VERSION_ID="10"
VERSION="10 (buster)"
VERSION_CODENAME=buster
ID=debian
HOME_URL="https://www.debian.org/"
SUPPORT_URL="https://www.debian.org/support"
BUG_REPORT_URL="https://bugs.debian.org/"

uname:Linux 4.19.0-6-amd64 #1 SMP Debian 4.19.67-2+deb10u1 (2019-09-20) x86_64
libc:glibc 2.28 NPTL 2.28 
rlimit: STACK 8192k, CORE 0k, NPROC 31761, NOFILE 1048576, AS infinity
load average:1.80 0.83 0.37

/proc/meminfo:
MemTotal:        8170464 kB
MemFree:          122932 kB
MemAvailable:      25308 kB
Buffers:            8360 kB
Cached:           121796 kB
SwapCached:            0 kB
Active:          7769744 kB
Inactive:         104788 kB
Active(anon):    7750936 kB
Inactive(anon):    86644 kB
Active(file):      18808 kB
Inactive(file):    18144 kB
Unevictable:          96 kB
Mlocked:              96 kB
SwapTotal:             0 kB
SwapFree:              0 kB
Dirty:               536 kB
Writeback:             0 kB
AnonPages:       7744532 kB
Mapped:           106824 kB
Shmem:             93152 kB
Slab:              75860 kB
SReclaimable:      37704 kB
SUnreclaim:        38156 kB
KernelStack:       12304 kB
PageTables:        30308 kB
NFS_Unstable:          0 kB
Bounce:                0 kB
WritebackTmp:          0 kB
CommitLimit:     4085232 kB
Committed_AS:   13351960 kB
VmallocTotal:   34359738367 kB
VmallocUsed:           0 kB
VmallocChunk:          0 kB
Percpu:              364 kB
HardwareCorrupted:     0 kB
AnonHugePages:   4923392 kB
ShmemHugePages:        0 kB
ShmemPmdMapped:        0 kB
HugePages_Total:       0
HugePages_Free:        0
HugePages_Rsvd:        0
HugePages_Surp:        0
Hugepagesize:       2048 kB
Hugetlb:               0 kB
DirectMap4k:      106432 kB
DirectMap2M:     8282112 kB

container (cgroup) information:
container_type: cgroupv1
cpu_cpuset_cpus: 0
cpu_memory_nodes: 0
active_processor_count: 1
cpu_quota: -1
cpu_period: 100000
cpu_shares: -1
memory_limit_in_bytes: -1
memory_and_swap_limit_in_bytes: -2
memory_soft_limit_in_bytes: -1
memory_usage_in_bytes: 1867935744
memory_max_usage_in_bytes: 2302984192


CPU:total 1 (initial active 1) (1 cores per cpu, 1 threads per core) family 6 model 94 stepping 3, cmov, cx8, fxsr, mmx, sse, sse2, sse3, ssse3, sse4.1, sse4.2, popcnt, avx, avx2, aes, clmul, 3dnowpref, lzcnt, tsc, tscinvbit

/proc/cpuinfo:
processor	: 0
vendor_id	: GenuineIntel
cpu family	: 6
model		: 94
model name	: Intel(R) Core(TM) i7-6700HQ CPU @ 2.60GHz
stepping	: 3
cpu MHz		: 2592.000
cache size	: 6144 KB
physical id	: 0
siblings	: 1
core id		: 0
cpu cores	: 1
apicid		: 0
initial apicid	: 0
fpu		: yes
fpu_exception	: yes
cpuid level	: 22
wp		: yes
flags		: fpu vme de pse tsc msr pae mce cx8 apic sep mtrr pge mca cmov pat pse36 clflush mmx fxsr sse sse2 ht syscall nx rdtscp lm constant_tsc rep_good nopl xtopology nonstop_tsc cpuid tsc_known_freq pni pclmulqdq monitor ssse3 cx16 pcid sse4_1 sse4_2 x2apic movbe popcnt aes xsave avx rdrand hypervisor lahf_lm abm 3dnowprefetch invpcid_single pti fsgsbase avx2 invpcid rdseed clflushopt flush_l1d
bugs		: cpu_meltdown spectre_v1 spectre_v2 spec_store_bypass l1tf mds swapgs
bogomips	: 5184.00
clflush size	: 64
cache_alignment	: 64
address sizes	: 39 bits physical, 48 bits virtual
power management:



Memory: 4k page, physical 8170464k(122932k free), swap 0k(0k free)

vm_info: OpenJDK 64-Bit Server VM (25.222-b10) for linux-amd64 JRE (1.8.0_222-b10), built on Jul 17 2019 08:11:48 by "jenkins" with gcc 4.8.2 20140120 (Red Hat 4.8.2-15)

time: Mon Dec 30 19:11:06 2019
timezone: WET
elapsed time: 0 seconds (0d 0h 0m 0s)

