#
# There is insufficient memory for the Java Runtime Environment to continue.
# Native memory allocation (mmap) failed to map 88080384 bytes for committing reserved memory.
# Possible reasons:
#   The system is out of physical RAM or swap space
#   The process is running with CompressedOops enabled, and the Java Heap may be blocking the growth of the native heap
# Possible solutions:
#   Reduce memory load on the system
#   Increase physical memory or swap space
#   Check if swap backing store is full
#   Decrease Java heap size (-Xmx/-Xms)
#   Decrease number of Java threads
#   Decrease Java thread stack sizes (-Xss)
#   Set larger code cache with -XX:ReservedCodeCacheSize=
# This output file may be truncated or incomplete.
#
#  Out of Memory Error (os_linux.cpp:2754), pid=7675, tid=0x00007fc7e9695700
#
# JRE version:  (8.0_222-b10) (build )
# Java VM: OpenJDK 64-Bit Server VM (25.222-b10 mixed mode linux-amd64 compressed oops)
# Failed to write core dump. Core dumps have been disabled. To enable core dumping, try "ulimit -c unlimited" before starting Java again
#

---------------  T H R E A D  ---------------

Current thread (0x00007fc7e400a800):  JavaThread "Unknown thread" [_thread_in_vm, id=7676, stack(0x00007fc7e9596000,0x00007fc7e9696000)]

Stack: [0x00007fc7e9596000,0x00007fc7e9696000],  sp=0x00007fc7e9694400,  free space=1017k
Native frames: (J=compiled Java code, j=interpreted, Vv=VM code, C=native code)
V  [libjvm.so+0x9f707d]  VMError::report_and_die()+0x15d
V  [libjvm.so+0x4bfdfa]  report_vm_out_of_memory(char const*, int, unsigned long, VMErrorType, char const*)+0x8a
V  [libjvm.so+0x85e988]  os::pd_commit_memory(char*, unsigned long, unsigned long, bool)+0xd8
V  [libjvm.so+0x85625f]  os::commit_memory(char*, unsigned long, unsigned long, bool)+0x1f
V  [libjvm.so+0x9f3dc4]  VirtualSpace::expand_by(unsigned long, bool)+0x1b4
V  [libjvm.so+0x5a967d]  CardGeneration::CardGeneration(ReservedSpace, unsigned long, int, GenRemSet*)+0xed
V  [libjvm.so+0x99aff5]  TenuredGeneration::TenuredGeneration(ReservedSpace, unsigned long, int, GenRemSet*)+0x65
V  [libjvm.so+0x5aa2c1]  GenerationSpec::init(ReservedSpace, int, GenRemSet*)+0x101
V  [libjvm.so+0x59bf48]  GenCollectedHeap::initialize()+0x1d8
V  [libjvm.so+0x9c2629]  Universe::initialize_heap()+0x189
V  [libjvm.so+0x9c2823]  universe_init()+0x33
V  [libjvm.so+0x5e7b85]  init_globals()+0x55
V  [libjvm.so+0x9a5ed4]  Threads::create_vm(JavaVMInitArgs*, bool*)+0x274
V  [libjvm.so+0x65598e]  JNI_CreateJavaVM+0x4e
C  [libjli.so+0x7998]  JavaMain+0x88
C  [libpthread.so.0+0x7fa3]  start_thread+0xf3


---------------  P R O C E S S  ---------------

Java Threads: ( => current thread )

Other Threads:

=>0x00007fc7e400a800 (exited) JavaThread "Unknown thread" [_thread_in_vm, id=7676, stack(0x00007fc7e9596000,0x00007fc7e9696000)]

VM state:not at safepoint (not fully initialized)

VM Mutex/Monitor currently owned by a thread: None

heap address: 0x0000000083400000, size: 1996 MB, Compressed Oops mode: Non-zero based:0x00000000833ff000
Narrow klass base: 0x0000000000000000, Narrow klass shift: 0

GC Heap History (0 events):
No events

Deoptimization events (0 events):
No events

Classes redefined (0 events):
No events

Internal exceptions (0 events):
No events

Events (0 events):
No events


Dynamic libraries:
00400000-00401000 r-xp 00000000 08:01 2891831                            /usr/lib/jvm/adoptopenjdk-8-hotspot-amd64/jre/bin/java
00600000-00601000 r--p 00000000 08:01 2891831                            /usr/lib/jvm/adoptopenjdk-8-hotspot-amd64/jre/bin/java
00601000-00602000 rw-p 00001000 08:01 2891831                            /usr/lib/jvm/adoptopenjdk-8-hotspot-amd64/jre/bin/java
02202000-02223000 rw-p 00000000 00:00 0                                  [heap]
83400000-85e00000 rw-p 00000000 00:00 0 
85e00000-acd50000 ---p 00000000 00:00 0 
b2150000-100000000 ---p 00000000 00:00 0 
7fc7d5000000-7fc7d5270000 rwxp 00000000 00:00 0 
7fc7d5270000-7fc7e4000000 ---p 00000000 00:00 0 
7fc7e4000000-7fc7e4036000 rw-p 00000000 00:00 0 
7fc7e4036000-7fc7e8000000 ---p 00000000 00:00 0 
7fc7e84fa000-7fc7e877f000 rw-p 00000000 00:00 0 
7fc7e877f000-7fc7e8b50000 ---p 00000000 00:00 0 
7fc7e8b50000-7fc7e8b5b000 rw-p 00000000 00:00 0 
7fc7e8b5b000-7fc7e8f11000 ---p 00000000 00:00 0 
7fc7e8f11000-7fc7e8f2c000 r-xp 00000000 08:01 2891772                    /usr/lib/jvm/adoptopenjdk-8-hotspot-amd64/jre/lib/amd64/libzip.so
7fc7e8f2c000-7fc7e912b000 ---p 0001b000 08:01 2891772                    /usr/lib/jvm/adoptopenjdk-8-hotspot-amd64/jre/lib/amd64/libzip.so
7fc7e912b000-7fc7e912c000 r--p 0001a000 08:01 2891772                    /usr/lib/jvm/adoptopenjdk-8-hotspot-amd64/jre/lib/amd64/libzip.so
7fc7e912c000-7fc7e912d000 rw-p 0001b000 08:01 2891772                    /usr/lib/jvm/adoptopenjdk-8-hotspot-amd64/jre/lib/amd64/libzip.so
7fc7e912d000-7fc7e9130000 r--p 00000000 08:01 1573513                    /usr/lib/x86_64-linux-gnu/libnss_files-2.28.so
7fc7e9130000-7fc7e9137000 r-xp 00003000 08:01 1573513                    /usr/lib/x86_64-linux-gnu/libnss_files-2.28.so
7fc7e9137000-7fc7e9139000 r--p 0000a000 08:01 1573513                    /usr/lib/x86_64-linux-gnu/libnss_files-2.28.so
7fc7e9139000-7fc7e913a000 ---p 0000c000 08:01 1573513                    /usr/lib/x86_64-linux-gnu/libnss_files-2.28.so
7fc7e913a000-7fc7e913b000 r--p 0000c000 08:01 1573513                    /usr/lib/x86_64-linux-gnu/libnss_files-2.28.so
7fc7e913b000-7fc7e913c000 rw-p 0000d000 08:01 1573513                    /usr/lib/x86_64-linux-gnu/libnss_files-2.28.so
7fc7e913c000-7fc7e9142000 rw-p 00000000 00:00 0 
7fc7e914e000-7fc7e9177000 r-xp 00000000 08:01 2891808                    /usr/lib/jvm/adoptopenjdk-8-hotspot-amd64/jre/lib/amd64/libjava.so
7fc7e9177000-7fc7e9376000 ---p 00029000 08:01 2891808                    /usr/lib/jvm/adoptopenjdk-8-hotspot-amd64/jre/lib/amd64/libjava.so
7fc7e9376000-7fc7e9377000 r--p 00028000 08:01 2891808                    /usr/lib/jvm/adoptopenjdk-8-hotspot-amd64/jre/lib/amd64/libjava.so
7fc7e9377000-7fc7e9379000 rw-p 00029000 08:01 2891808                    /usr/lib/jvm/adoptopenjdk-8-hotspot-amd64/jre/lib/amd64/libjava.so
7fc7e9379000-7fc7e9389000 r-xp 00000000 08:01 2891778                    /usr/lib/jvm/adoptopenjdk-8-hotspot-amd64/jre/lib/amd64/libverify.so
7fc7e9389000-7fc7e9588000 ---p 00010000 08:01 2891778                    /usr/lib/jvm/adoptopenjdk-8-hotspot-amd64/jre/lib/amd64/libverify.so
7fc7e9588000-7fc7e958a000 r--p 0000f000 08:01 2891778                    /usr/lib/jvm/adoptopenjdk-8-hotspot-amd64/jre/lib/amd64/libverify.so
7fc7e958a000-7fc7e958b000 rw-p 00011000 08:01 2891778                    /usr/lib/jvm/adoptopenjdk-8-hotspot-amd64/jre/lib/amd64/libverify.so
7fc7e958b000-7fc7e958d000 r--p 00000000 08:01 1573521                    /usr/lib/x86_64-linux-gnu/librt-2.28.so
7fc7e958d000-7fc7e9591000 r-xp 00002000 08:01 1573521                    /usr/lib/x86_64-linux-gnu/librt-2.28.so
7fc7e9591000-7fc7e9593000 r--p 00006000 08:01 1573521                    /usr/lib/x86_64-linux-gnu/librt-2.28.so
7fc7e9593000-7fc7e9594000 r--p 00007000 08:01 1573521                    /usr/lib/x86_64-linux-gnu/librt-2.28.so
7fc7e9594000-7fc7e9595000 rw-p 00008000 08:01 1573521                    /usr/lib/x86_64-linux-gnu/librt-2.28.so
7fc7e9595000-7fc7e9596000 ---p 00000000 00:00 0 
7fc7e9596000-7fc7e9599000 ---p 00000000 00:00 0 
7fc7e9599000-7fc7e9696000 rw-p 00000000 00:00 0 
7fc7e9696000-7fc7e96a3000 r--p 00000000 08:01 1573504                    /usr/lib/x86_64-linux-gnu/libm-2.28.so
7fc7e96a3000-7fc7e9742000 r-xp 0000d000 08:01 1573504                    /usr/lib/x86_64-linux-gnu/libm-2.28.so
7fc7e9742000-7fc7e9817000 r--p 000ac000 08:01 1573504                    /usr/lib/x86_64-linux-gnu/libm-2.28.so
7fc7e9817000-7fc7e9818000 r--p 00180000 08:01 1573504                    /usr/lib/x86_64-linux-gnu/libm-2.28.so
7fc7e9818000-7fc7e9819000 rw-p 00181000 08:01 1573504                    /usr/lib/x86_64-linux-gnu/libm-2.28.so
7fc7e9819000-7fc7ea424000 r-xp 00000000 08:01 2891789                    /usr/lib/jvm/adoptopenjdk-8-hotspot-amd64/jre/lib/amd64/server/libjvm.so
7fc7ea424000-7fc7ea624000 ---p 00c0b000 08:01 2891789                    /usr/lib/jvm/adoptopenjdk-8-hotspot-amd64/jre/lib/amd64/server/libjvm.so
7fc7ea624000-7fc7ea6c4000 r--p 00c0b000 08:01 2891789                    /usr/lib/jvm/adoptopenjdk-8-hotspot-amd64/jre/lib/amd64/server/libjvm.so
7fc7ea6c4000-7fc7ea6ed000 rw-p 00cab000 08:01 2891789                    /usr/lib/jvm/adoptopenjdk-8-hotspot-amd64/jre/lib/amd64/server/libjvm.so
7fc7ea6ed000-7fc7ea733000 rw-p 00000000 00:00 0 
7fc7ea733000-7fc7ea755000 r--p 00000000 08:01 1573501                    /usr/lib/x86_64-linux-gnu/libc-2.28.so
7fc7ea755000-7fc7ea89d000 r-xp 00022000 08:01 1573501                    /usr/lib/x86_64-linux-gnu/libc-2.28.so
7fc7ea89d000-7fc7ea8e9000 r--p 0016a000 08:01 1573501                    /usr/lib/x86_64-linux-gnu/libc-2.28.so
7fc7ea8e9000-7fc7ea8ea000 ---p 001b6000 08:01 1573501                    /usr/lib/x86_64-linux-gnu/libc-2.28.so
7fc7ea8ea000-7fc7ea8ee000 r--p 001b6000 08:01 1573501                    /usr/lib/x86_64-linux-gnu/libc-2.28.so
7fc7ea8ee000-7fc7ea8f0000 rw-p 001ba000 08:01 1573501                    /usr/lib/x86_64-linux-gnu/libc-2.28.so
7fc7ea8f0000-7fc7ea8f4000 rw-p 00000000 00:00 0 
7fc7ea8f4000-7fc7ea8f5000 r--p 00000000 08:01 1573503                    /usr/lib/x86_64-linux-gnu/libdl-2.28.so
7fc7ea8f5000-7fc7ea8f6000 r-xp 00001000 08:01 1573503                    /usr/lib/x86_64-linux-gnu/libdl-2.28.so
7fc7ea8f6000-7fc7ea8f7000 r--p 00002000 08:01 1573503                    /usr/lib/x86_64-linux-gnu/libdl-2.28.so
7fc7ea8f7000-7fc7ea8f8000 r--p 00002000 08:01 1573503                    /usr/lib/x86_64-linux-gnu/libdl-2.28.so
7fc7ea8f8000-7fc7ea8f9000 rw-p 00003000 08:01 1573503                    /usr/lib/x86_64-linux-gnu/libdl-2.28.so
7fc7ea8f9000-7fc7ea90f000 r-xp 00000000 08:01 2891774                    /usr/lib/jvm/adoptopenjdk-8-hotspot-amd64/jre/lib/amd64/jli/libjli.so
7fc7ea90f000-7fc7eab0e000 ---p 00016000 08:01 2891774                    /usr/lib/jvm/adoptopenjdk-8-hotspot-amd64/jre/lib/amd64/jli/libjli.so
7fc7eab0e000-7fc7eab0f000 r--p 00015000 08:01 2891774                    /usr/lib/jvm/adoptopenjdk-8-hotspot-amd64/jre/lib/amd64/jli/libjli.so
7fc7eab0f000-7fc7eab10000 rw-p 00016000 08:01 2891774                    /usr/lib/jvm/adoptopenjdk-8-hotspot-amd64/jre/lib/amd64/jli/libjli.so
7fc7eab10000-7fc7eab16000 r--p 00000000 08:01 1573519                    /usr/lib/x86_64-linux-gnu/libpthread-2.28.so
7fc7eab16000-7fc7eab25000 r-xp 00006000 08:01 1573519                    /usr/lib/x86_64-linux-gnu/libpthread-2.28.so
7fc7eab25000-7fc7eab2b000 r--p 00015000 08:01 1573519                    /usr/lib/x86_64-linux-gnu/libpthread-2.28.so
7fc7eab2b000-7fc7eab2c000 r--p 0001a000 08:01 1573519                    /usr/lib/x86_64-linux-gnu/libpthread-2.28.so
7fc7eab2c000-7fc7eab2d000 rw-p 0001b000 08:01 1573519                    /usr/lib/x86_64-linux-gnu/libpthread-2.28.so
7fc7eab2d000-7fc7eab31000 rw-p 00000000 00:00 0 
7fc7eab33000-7fc7eab3b000 rw-s 00000000 08:01 3803860                    /tmp/hsperfdata_ljordao/7675
7fc7eab3b000-7fc7eab3c000 rw-p 00000000 00:00 0 
7fc7eab3c000-7fc7eab3d000 r--p 00000000 00:00 0 
7fc7eab3d000-7fc7eab3f000 rw-p 00000000 00:00 0 
7fc7eab3f000-7fc7eab40000 r--p 00000000 08:01 1572887                    /usr/lib/x86_64-linux-gnu/ld-2.28.so
7fc7eab40000-7fc7eab5e000 r-xp 00001000 08:01 1572887                    /usr/lib/x86_64-linux-gnu/ld-2.28.so
7fc7eab5e000-7fc7eab66000 r--p 0001f000 08:01 1572887                    /usr/lib/x86_64-linux-gnu/ld-2.28.so
7fc7eab66000-7fc7eab67000 r--p 00026000 08:01 1572887                    /usr/lib/x86_64-linux-gnu/ld-2.28.so
7fc7eab67000-7fc7eab68000 rw-p 00027000 08:01 1572887                    /usr/lib/x86_64-linux-gnu/ld-2.28.so
7fc7eab68000-7fc7eab69000 rw-p 00000000 00:00 0 
7ffcc6033000-7ffcc6054000 rw-p 00000000 00:00 0                          [stack]
7ffcc617b000-7ffcc617e000 r--p 00000000 00:00 0                          [vvar]
7ffcc617e000-7ffcc6180000 r-xp 00000000 00:00 0                          [vdso]

VM Arguments:
java_command: /home/ljordao/NetBeansProjects/pdtp/eastocks/eastocks-web/target/surefire/surefirebooter1167490277150015943.jar /home/ljordao/NetBeansProjects/pdtp/eastocks/eastocks-web/target/surefire/surefire6286452061874385971tmp /home/ljordao/NetBeansProjects/pdtp/eastocks/eastocks-web/target/surefire/surefire4934160381817645164tmp
java_class_path (initial): /home/ljordao/NetBeansProjects/pdtp/eastocks/eastocks-web/target/surefire/surefirebooter1167490277150015943.jar
Launcher Type: SUN_STANDARD

Environment Variables:
JAVA_HOME=/lib/jvm/adoptopenjdk-8-hotspot-amd64
PATH=/srv/payara5/glassfish/bin:/usr/local/bin:/usr/bin:/bin:/usr/local/games:/usr/games
LD_LIBRARY_PATH=/lib/jvm/adoptopenjdk-8-hotspot-amd64/jre/lib/amd64:/lib/jvm/adoptopenjdk-8-hotspot-amd64/jre/lib/i386:
SHELL=/bin/bash
DISPLAY=:0.0

Signal Handlers:
SIGSEGV: [libjvm.so+0x9f7b80], sa_mask[0]=11111111011111111101111111111110, sa_flags=SA_RESTART|SA_SIGINFO
SIGBUS: [libjvm.so+0x9f7b80], sa_mask[0]=11111111011111111101111111111110, sa_flags=SA_RESTART|SA_SIGINFO
SIGFPE: [libjvm.so+0x85a040], sa_mask[0]=11111111011111111101111111111110, sa_flags=SA_RESTART|SA_SIGINFO
SIGPIPE: [libjvm.so+0x85a040], sa_mask[0]=11111111011111111101111111111110, sa_flags=SA_RESTART|SA_SIGINFO
SIGXFSZ: [libjvm.so+0x85a040], sa_mask[0]=11111111011111111101111111111110, sa_flags=SA_RESTART|SA_SIGINFO
SIGILL: [libjvm.so+0x85a040], sa_mask[0]=11111111011111111101111111111110, sa_flags=SA_RESTART|SA_SIGINFO
SIGUSR1: SIG_DFL, sa_mask[0]=00000000000000000000000000000000, sa_flags=none
SIGUSR2: [libjvm.so+0x859f10], sa_mask[0]=00100000000000000000000000000000, sa_flags=SA_RESTART|SA_SIGINFO
SIGHUP: SIG_DFL, sa_mask[0]=00000000000000000000000000000000, sa_flags=none
SIGINT: SIG_IGN, sa_mask[0]=00000000000000000000000000000000, sa_flags=none
SIGTERM: SIG_DFL, sa_mask[0]=00000000000000000000000000000000, sa_flags=none
SIGQUIT: SIG_DFL, sa_mask[0]=00000000000000000000000000000000, sa_flags=none


---------------  S Y S T E M  ---------------

OS:PRETTY_NAME="Debian GNU/Linux 10 (buster)"
NAME="Debian GNU/Linux"
VERSION_ID="10"
VERSION="10 (buster)"
VERSION_CODENAME=buster
ID=debian
HOME_URL="https://www.debian.org/"
SUPPORT_URL="https://www.debian.org/support"
BUG_REPORT_URL="https://bugs.debian.org/"

uname:Linux 4.19.0-6-amd64 #1 SMP Debian 4.19.67-2+deb10u1 (2019-09-20) x86_64
libc:glibc 2.28 NPTL 2.28 
rlimit: STACK 8192k, CORE 0k, NPROC 31761, NOFILE 1048576, AS infinity
load average:2.06 0.90 0.39

/proc/meminfo:
MemTotal:        8170464 kB
MemFree:          124376 kB
MemAvailable:      21144 kB
Buffers:            3296 kB
Cached:           116448 kB
SwapCached:            0 kB
Active:          7774212 kB
Inactive:         100448 kB
Active(anon):    7761488 kB
Inactive(anon):    86644 kB
Active(file):      12724 kB
Inactive(file):    13804 kB
Unevictable:          96 kB
Mlocked:              96 kB
SwapTotal:             0 kB
SwapFree:              0 kB
Dirty:               412 kB
Writeback:             0 kB
AnonPages:       7755112 kB
Mapped:           103768 kB
Shmem:             93152 kB
Slab:              75108 kB
SReclaimable:      36920 kB
SUnreclaim:        38188 kB
KernelStack:       12288 kB
PageTables:        30336 kB
NFS_Unstable:          0 kB
Bounce:                0 kB
WritebackTmp:          0 kB
CommitLimit:     4085232 kB
Committed_AS:   13355864 kB
VmallocTotal:   34359738367 kB
VmallocUsed:           0 kB
VmallocChunk:          0 kB
Percpu:              364 kB
HardwareCorrupted:     0 kB
AnonHugePages:   4925440 kB
ShmemHugePages:        0 kB
ShmemPmdMapped:        0 kB
HugePages_Total:       0
HugePages_Free:        0
HugePages_Rsvd:        0
HugePages_Surp:        0
Hugepagesize:       2048 kB
Hugetlb:               0 kB
DirectMap4k:      106432 kB
DirectMap2M:     8282112 kB

container (cgroup) information:
container_type: cgroupv1
cpu_cpuset_cpus: 0
cpu_memory_nodes: 0
active_processor_count: 1
cpu_quota: -1
cpu_period: 100000
cpu_shares: -1
memory_limit_in_bytes: -1
memory_and_swap_limit_in_bytes: -2
memory_soft_limit_in_bytes: -1
memory_usage_in_bytes: 1873494016
memory_max_usage_in_bytes: 2302984192


CPU:total 1 (initial active 1) (1 cores per cpu, 1 threads per core) family 6 model 94 stepping 3, cmov, cx8, fxsr, mmx, sse, sse2, sse3, ssse3, sse4.1, sse4.2, popcnt, avx, avx2, aes, clmul, 3dnowpref, lzcnt, tsc, tscinvbit

/proc/cpuinfo:
processor	: 0
vendor_id	: GenuineIntel
cpu family	: 6
model		: 94
model name	: Intel(R) Core(TM) i7-6700HQ CPU @ 2.60GHz
stepping	: 3
cpu MHz		: 2592.000
cache size	: 6144 KB
physical id	: 0
siblings	: 1
core id		: 0
cpu cores	: 1
apicid		: 0
initial apicid	: 0
fpu		: yes
fpu_exception	: yes
cpuid level	: 22
wp		: yes
flags		: fpu vme de pse tsc msr pae mce cx8 apic sep mtrr pge mca cmov pat pse36 clflush mmx fxsr sse sse2 ht syscall nx rdtscp lm constant_tsc rep_good nopl xtopology nonstop_tsc cpuid tsc_known_freq pni pclmulqdq monitor ssse3 cx16 pcid sse4_1 sse4_2 x2apic movbe popcnt aes xsave avx rdrand hypervisor lahf_lm abm 3dnowprefetch invpcid_single pti fsgsbase avx2 invpcid rdseed clflushopt flush_l1d
bugs		: cpu_meltdown spectre_v1 spectre_v2 spec_store_bypass l1tf mds swapgs
bogomips	: 5184.00
clflush size	: 64
cache_alignment	: 64
address sizes	: 39 bits physical, 48 bits virtual
power management:



Memory: 4k page, physical 8170464k(124376k free), swap 0k(0k free)

vm_info: OpenJDK 64-Bit Server VM (25.222-b10) for linux-amd64 JRE (1.8.0_222-b10), built on Jul 17 2019 08:11:48 by "jenkins" with gcc 4.8.2 20140120 (Red Hat 4.8.2-15)

time: Mon Dec 30 19:11:09 2019
timezone: WET
elapsed time: 0 seconds (0d 0h 0m 0s)

